c:\users\geoni\source\repos\project1\project1\debug\vc141.pdb
c:\users\geoni\source\repos\project1\project1\debug\vc141.idb
c:\users\geoni\source\repos\project1\project1\debug\selector.obj
c:\users\geoni\source\repos\project1\project1\debug\mainwindow.obj
c:\users\geoni\source\repos\project1\project1\debug\source.obj
c:\users\geoni\source\repos\project1\debug\speech to code ui.pdb
c:\users\geoni\source\repos\project1\project1\debug\speech t.70efc043.tlog\cl.command.1.tlog
c:\users\geoni\source\repos\project1\project1\debug\speech t.70efc043.tlog\cl.read.1.tlog
c:\users\geoni\source\repos\project1\project1\debug\speech t.70efc043.tlog\cl.write.1.tlog
c:\users\geoni\source\repos\project1\project1\debug\speech t.70efc043.tlog\link-cvtres.read.1.tlog
c:\users\geoni\source\repos\project1\project1\debug\speech t.70efc043.tlog\link-cvtres.write.1.tlog
c:\users\geoni\source\repos\project1\project1\debug\speech t.70efc043.tlog\link-rc.read.1.tlog
c:\users\geoni\source\repos\project1\project1\debug\speech t.70efc043.tlog\link-rc.write.1.tlog
c:\users\geoni\source\repos\project1\project1\debug\speech t.70efc043.tlog\link.14716-cvtres.read.1.tlog
c:\users\geoni\source\repos\project1\project1\debug\speech t.70efc043.tlog\link.14716-cvtres.write.1.tlog
c:\users\geoni\source\repos\project1\project1\debug\speech t.70efc043.tlog\link.14716-rc.read.1.tlog
c:\users\geoni\source\repos\project1\project1\debug\speech t.70efc043.tlog\link.14716-rc.write.1.tlog
c:\users\geoni\source\repos\project1\project1\debug\speech t.70efc043.tlog\link.14716.read.1.tlog
c:\users\geoni\source\repos\project1\project1\debug\speech t.70efc043.tlog\link.14716.write.1.tlog
c:\users\geoni\source\repos\project1\project1\debug\speech t.70efc043.tlog\link.command.1.tlog
c:\users\geoni\source\repos\project1\project1\debug\speech t.70efc043.tlog\link.read.1.tlog
c:\users\geoni\source\repos\project1\project1\debug\speech t.70efc043.tlog\link.write.1.tlog
